<?xml version="1.0" encoding="UTF-8"?>
<!-- Generated by org.testng.reporters.JUnitXMLReporter -->
<testsuite hostname="LAPTOP-73JL2UKU" ignored="0" name="Test" tests="14" failures="0" timestamp="2022-10-18T23:26:15 IST" time="159.587" errors="0">
  <testcase name="closeLogin" time="1.149" classname="Automate.EcommerceApp.FlipkartChromeTest"/>
  <testcase name="scroll" time="6.077" classname="Automate.EcommerceApp.FlipkartChromeTest"/>
  <testcase name="searchProduct" time="5.388" classname="Automate.EcommerceApp.FlipkartChromeTest"/>
  <testcase name="loadImage" time="12.059" classname="Automate.EcommerceApp.FlipkartChromeTest"/>
  <testcase name="scrollFrequency" time="2.059" classname="Automate.EcommerceApp.FlipkartChromeTest"/>
  <testcase name="downloadImages" time="0.028" classname="Automate.EcommerceApp.FlipkartChromeTest"/>
  <testcase name="screenResolution" time="7.615" classname="Automate.EcommerceApp.FlipkartChromeTest"/>
  <testcase name="closeLogin" time="1.131" classname="Automate.EcommerceApp.FlipkartEdgeTest"/>
  <testcase name="scroll" time="6.073" classname="Automate.EcommerceApp.FlipkartEdgeTest"/>
  <testcase name="searchProduct" time="5.362" classname="Automate.EcommerceApp.FlipkartEdgeTest"/>
  <testcase name="loadImage" time="8.814" classname="Automate.EcommerceApp.FlipkartEdgeTest"/>
  <testcase name="scrollFrequency" time="2.069" classname="Automate.EcommerceApp.FlipkartEdgeTest"/>
  <testcase name="downloadImages" time="0.03" classname="Automate.EcommerceApp.FlipkartEdgeTest"/>
  <testcase name="screenResolution" time="7.628" classname="Automate.EcommerceApp.FlipkartEdgeTest"/>
</testsuite> <!-- Test -->
