<?xml version="1.0" encoding="UTF-8"?>
<testng-results skipped="0" failed="0" ignored="0" total="14" passed="14">
  <reporter-output>
  </reporter-output>
  <suite name="Suite" duration-ms="159587" started-at="2022-10-18T23:23:35 IST" finished-at="2022-10-18T23:26:15 IST">
    <groups>
    </groups>
    <test name="Test" duration-ms="159587" started-at="2022-10-18T23:23:35 IST" finished-at="2022-10-18T23:26:15 IST">
      <class name="Automate.EcommerceApp.FlipkartChromeTest">
        <test-method status="PASS" signature="beforeClass()[pri:0, instance:Automate.EcommerceApp.FlipkartChromeTest@4461c7e3]" name="beforeClass" is-config="true" duration-ms="44474" started-at="2022-10-18T23:23:35 IST" finished-at="2022-10-18T23:24:20 IST">
          <reporter-output>
          </reporter-output>
        </test-method> <!-- beforeClass -->
        <test-method status="PASS" signature="closeLogin()[pri:1, instance:Automate.EcommerceApp.FlipkartChromeTest@4461c7e3]" name="closeLogin" duration-ms="1149" started-at="2022-10-18T23:24:20 IST" finished-at="2022-10-18T23:24:21 IST">
          <reporter-output>
          </reporter-output>
        </test-method> <!-- closeLogin -->
        <test-method status="PASS" signature="scroll()[pri:2, instance:Automate.EcommerceApp.FlipkartChromeTest@4461c7e3]" name="scroll" duration-ms="6077" started-at="2022-10-18T23:24:21 IST" finished-at="2022-10-18T23:24:27 IST">
          <reporter-output>
          </reporter-output>
        </test-method> <!-- scroll -->
        <test-method status="PASS" signature="searchProduct()[pri:3, instance:Automate.EcommerceApp.FlipkartChromeTest@4461c7e3]" name="searchProduct" duration-ms="5388" started-at="2022-10-18T23:24:27 IST" finished-at="2022-10-18T23:24:32 IST">
          <reporter-output>
          </reporter-output>
        </test-method> <!-- searchProduct -->
        <test-method status="PASS" signature="loadImage()[pri:4, instance:Automate.EcommerceApp.FlipkartChromeTest@4461c7e3]" name="loadImage" duration-ms="12059" started-at="2022-10-18T23:24:32 IST" finished-at="2022-10-18T23:24:44 IST">
          <reporter-output>
          </reporter-output>
        </test-method> <!-- loadImage -->
        <test-method status="PASS" signature="scrollFrequency()[pri:5, instance:Automate.EcommerceApp.FlipkartChromeTest@4461c7e3]" name="scrollFrequency" duration-ms="2059" started-at="2022-10-18T23:24:44 IST" finished-at="2022-10-18T23:24:46 IST">
          <reporter-output>
          </reporter-output>
        </test-method> <!-- scrollFrequency -->
        <test-method status="PASS" signature="downloadImages()[pri:6, instance:Automate.EcommerceApp.FlipkartChromeTest@4461c7e3]" name="downloadImages" duration-ms="28" started-at="2022-10-18T23:24:46 IST" finished-at="2022-10-18T23:24:46 IST">
          <reporter-output>
          </reporter-output>
        </test-method> <!-- downloadImages -->
        <test-method status="PASS" signature="screenResolution()[pri:7, instance:Automate.EcommerceApp.FlipkartChromeTest@4461c7e3]" name="screenResolution" duration-ms="7615" started-at="2022-10-18T23:24:46 IST" finished-at="2022-10-18T23:24:54 IST">
          <reporter-output>
          </reporter-output>
        </test-method> <!-- screenResolution -->
        <test-method status="PASS" signature="afterClass()[pri:0, instance:Automate.EcommerceApp.FlipkartChromeTest@4461c7e3]" name="afterClass" is-config="true" duration-ms="0" started-at="2022-10-18T23:24:54 IST" finished-at="2022-10-18T23:24:54 IST">
          <reporter-output>
          </reporter-output>
        </test-method> <!-- afterClass -->
      </class> <!-- Automate.EcommerceApp.FlipkartChromeTest -->
      <class name="Automate.EcommerceApp.FlipkartEdgeTest">
        <test-method status="PASS" signature="beforeClass()[pri:0, instance:Automate.EcommerceApp.FlipkartEdgeTest@1dd92fe2]" name="beforeClass" is-config="true" duration-ms="49567" started-at="2022-10-18T23:24:54 IST" finished-at="2022-10-18T23:25:44 IST">
          <reporter-output>
          </reporter-output>
        </test-method> <!-- beforeClass -->
        <test-method status="PASS" signature="closeLogin()[pri:1, instance:Automate.EcommerceApp.FlipkartEdgeTest@1dd92fe2]" name="closeLogin" duration-ms="1131" started-at="2022-10-18T23:25:44 IST" finished-at="2022-10-18T23:25:45 IST">
          <reporter-output>
          </reporter-output>
        </test-method> <!-- closeLogin -->
        <test-method status="PASS" signature="scroll()[pri:2, instance:Automate.EcommerceApp.FlipkartEdgeTest@1dd92fe2]" name="scroll" duration-ms="6073" started-at="2022-10-18T23:25:45 IST" finished-at="2022-10-18T23:25:51 IST">
          <reporter-output>
          </reporter-output>
        </test-method> <!-- scroll -->
        <test-method status="PASS" signature="searchProduct()[pri:3, instance:Automate.EcommerceApp.FlipkartEdgeTest@1dd92fe2]" name="searchProduct" duration-ms="5362" started-at="2022-10-18T23:25:51 IST" finished-at="2022-10-18T23:25:56 IST">
          <reporter-output>
          </reporter-output>
        </test-method> <!-- searchProduct -->
        <test-method status="PASS" signature="loadImage()[pri:4, instance:Automate.EcommerceApp.FlipkartEdgeTest@1dd92fe2]" name="loadImage" duration-ms="8814" started-at="2022-10-18T23:25:56 IST" finished-at="2022-10-18T23:26:05 IST">
          <reporter-output>
          </reporter-output>
        </test-method> <!-- loadImage -->
        <test-method status="PASS" signature="scrollFrequency()[pri:5, instance:Automate.EcommerceApp.FlipkartEdgeTest@1dd92fe2]" name="scrollFrequency" duration-ms="2069" started-at="2022-10-18T23:26:05 IST" finished-at="2022-10-18T23:26:07 IST">
          <reporter-output>
          </reporter-output>
        </test-method> <!-- scrollFrequency -->
        <test-method status="PASS" signature="downloadImages()[pri:6, instance:Automate.EcommerceApp.FlipkartEdgeTest@1dd92fe2]" name="downloadImages" duration-ms="30" started-at="2022-10-18T23:26:07 IST" finished-at="2022-10-18T23:26:07 IST">
          <reporter-output>
          </reporter-output>
        </test-method> <!-- downloadImages -->
        <test-method status="PASS" signature="screenResolution()[pri:7, instance:Automate.EcommerceApp.FlipkartEdgeTest@1dd92fe2]" name="screenResolution" duration-ms="7628" started-at="2022-10-18T23:26:07 IST" finished-at="2022-10-18T23:26:15 IST">
          <reporter-output>
          </reporter-output>
        </test-method> <!-- screenResolution -->
        <test-method status="PASS" signature="afterClass()[pri:0, instance:Automate.EcommerceApp.FlipkartEdgeTest@1dd92fe2]" name="afterClass" is-config="true" duration-ms="0" started-at="2022-10-18T23:26:15 IST" finished-at="2022-10-18T23:26:15 IST">
          <reporter-output>
          </reporter-output>
        </test-method> <!-- afterClass -->
      </class> <!-- Automate.EcommerceApp.FlipkartEdgeTest -->
    </test> <!-- Test -->
  </suite> <!-- Suite -->
</testng-results>
